Created 2026-03-26.md
Rolled over 131 task(s) from 2026-03-25.md → 2026-03-26.md

  🎯 Today
    - [ ] FSA claim - Jane’s stuff
    - [ ] Sneakers
    - [ ] Bring lotion to return in Westport
    - [ ] Clean up todos
    - [ ] Redo Lauries form
    - [ ] Get back to Laurie
    - [ ] Get water tested / ask about frog
    - [ ] Call plumbers

  ⏫ Next Up
    - [ ] Call quest about getting lab tests if that doesn’t work call PCP
    - [ ] David Byrne tickets
    - [ ] Heartburn treatment
    - [ ] Budget
    - [ ] Talk with Jane and Erin to setup Billie art class
    - [ ] Ask about figure drawing class for me
    - [ ] Pizza and cupcake for Griz
    - [ ] Taxes
    - [ ] plan for Charlotte - Nannies and Snobs
    - [ ] Figure drawing
    - [ ] Return ski
    - [ ] Water filter in fridge
    - [ ] Three envelopes
    - [ ] Hook up camera
    - [ ] Testosterone trst
    - [ ] Playroom light
    - [ ] Take Coat in to fix button
    - [ ] Activities for Billie
    - [ ] Sat before Easter and week
    - [ ] DJ mixing
    - [ ] Tom from Arden's and roton
    - [ ] Water pick
    - [ ] Clean up bar
    - [ ] David Byrne
    - [ ] Kid challenge in IG
    - [ ] Tattoo removal
    - [ ] Kiki face painted and Billie
    - [ ] Karaoke machine for Billie birthday
    - [ ] LR4 in
    - [ ] Snowboarding trip
    - [ ] Atomic Habits
    - [ ] Jane book for birthday
    - [ ] Body scan
    - [ ] Figure skating
    - [ ] Billie BMX
    - [ ] Venmo
    - [ ] Clawbot
    - [ ] Cologne
    - [ ] RX from Caroline
    - [ ] Follow up with Taxes guy
    - [ ] FSA
    - [ ] Committee
    - [ ] Attention span
    - [ ] Creative kit
    - [ ] Kid gums account and other
    - [ ] Rowayton WITI
    - [ ] Toastmasters
    - [ ] The what, so what, no what
    - [ ] Dice

  🔽 Low Pri
    - [ ] Start process of making Jane book - need a end fate
    - [ ] Mix class videos
    - [ ] Organize vinyl
    - [ ] Prep for UCNS show - https://www.zeffy.com/en-US/ticketing/ucns-spring-fundraiser--2026
    - [ ]  Tom architect coffee
    - [ ] Setup bikes
    - [ ] Dinner with Patty and Ron
    - [ ] Robyn
    - [ ] Jamie xx sep 9th
    - [ ] Outer Wilds
    - [ ] Tuna fish recipe
    - [ ] Limerock
    - [ ] Make valentines a bigger deal
    - [ ] Eternal body scan
    - [ ] Oliver dinner with wives
    - [ ] Greg Wilson
    - [ ] Darien shoe repair
    - [ ] Piedmont
    - [ ] Add shots during draft next year
    - [ ] Build virtual snow leopard
    - [ ] Book list
    - [ ] Defender tires
    - [ ] Chelsea Handler
    - [ ] 94 hockey
    - [ ] Frank and dad to Michigan
    - [ ] Saturday morning cartoons
    - [ ] Fix outdoor lights
    - [ ] Pepsi stick
    - [ ] ENT
    - [ ] Summer au pair
    - [ ] The Cure
    - [ ] Vacuum cleaner
    - [ ] Light for playroom
    - [ ] Ear shit
    - [ ] Insurance
    - [ ] Estate planning
    - [ ] Dolphin sew hole
    - [ ] [ ] Billy order
    - [ ] Doug
    - [ ] Withings Body scan
    - [ ] Piedmont Clov
    - [ ] Racing
    - [ ] Shooting in Danbury
    - [ ] Zelda order
    - [ ] Japan email
    - [ ] Prenuvo scan
    - [ ] Cutting board feet
    - [ ] Lauren do a commission
    - [ ] Cardiologist
    - [ ] Yankees game
    - [ ] Dad to Michigan
    - [ ] Ryan / Becky
    - [ ] Table
    - [ ] Shooting with Dad
    - [ ] Night at the Museum
    - [ ] Prodigies music app - pitch
    - [ ] Woodward camp
    - [ ] Roth IRA at 8
    - [ ] Shred paper
    - [ ] Charles
    - [ ] Punching bag
    - [ ] Knife sharpener and fix pockets
    - [ ] Lion King
    - [ ] The kids should see this
    - [ ] Questlove
    - [ ] Defected links
    - [ ] Plan for Rocks with glass
    - [ ] Kite boarding - Danny Nichols
    - [ ] Digitize Jane home video
    - [ ] Westport glasses
    - [ ] Powerphotos
    - [ ] Sauna
    - [ ] D&D Wagner
    - [ ] Prep the house for disaster
Created 2026-03-27.md
Rolled over 90 task(s) from 2026-03-26.md → 2026-03-27.md

  🎯 Today
    - [ ] Xanax
    - [ ] Write KC
    - [ ] Flyte
    - [ ] Pedicure
    - [ ] FSA claim - Jane’s stuff
    - [ ] Bring lotion to return Darien
    - [ ] - [ ] Get water tested / ask about frog
    - [ ] Call bethel Bmx - [203-798-6373]
    - [ ] Setup PARA projects

  ⏫ Next Up
    - [ ] Call plumbers
    - [ ] Taxes
    - [ ] Redo Lauries form
    - [ ] Call quest about getting lab tests if that doesn’t work call PCP
    - [ ] Hook up camera
    - [ ] David Byrne tickets
    - [ ] Testosterone trst
    - [ ] Clean up bar
    - [ ] Start process of making Jane book - need a end fate
    - [ ] Snowboarding trip
    - [ ] RX from Caroline
    - [ ] Atomic Habits
    - [ ] Roth IRA at 8
    - [ ] Dinner with Jason
    - [ ] Stretch canvas for Olive and Billie’s sign
    - [ ] Take Coat in to fix button

  🔽 Low Pri
    - [ ] Playroom light
    - [ ] Body scan
    - [ ] Activities for Billie
    - [ ] Billie art class
    - [ ] Billie toothbrush
    - [ ] Ask about figure drawing class for me
    - [ ] Return ski
    - [ ] Water filter in fridge
    - [ ] Three envelopes
    - [ ] Kid gums account and other
    - [ ] Rowayton WITI
    - [ ] Toastmasters
    - [ ] The what, so what, no what
    - [ ] Dice
    - [ ] DJ mixing
    - [ ] Tom from Arden's and roton
    - [ ] Water pick
    - [ ] David Byrne
    - [ ] LR4 in
    - [ ] Venmo
    - [ ] Clawbot
    - [ ] Karaoke machine for Billie birthday
    - [ ] Tattoo removal
    - [ ] Kiki face painted and Billie
    - [ ] Mix class videos
    - [ ] Organize vinyl
    - [ ] Prep for UCNS show - https://www.zeffy.com/en-US/ticketing/ucns-spring-fundraiser--2026
    - [ ] Tom architect coffee
    - [ ] Setup bikes
    - [ ] Dinner with Patty and Ron
    - [ ] Robyn
    - [ ] Jamie xx sep 9th
    - [ ] Tuna fish recipe
    - [ ] Limerock
    - [ ] Make valentines a bigger deal
    - [ ] Eternal body scan
    - [ ] Oliver dinner with wives
    - [ ] Greg Wilson
    - [ ] Darien shoe repair
    - [ ] Add shots during draft next year
    - [ ] Build virtual snow leopard
    - [ ] Book list
    - [ ] Defender tires
    - [ ] 94 hockey
    - [ ] Frank and dad to Michigan
    - [ ] Yankees game wi
    - [ ]  Shooting with Dad
    - [ ] Saturday morning cartoons
    - [ ] Fix outdoor lights
    - [ ] Pepsi stick
    - [ ] ENT
    - [ ] Summer au pair
    - [ ] The Cure
    - [ ] Vacuum cleaner
    - [ ] Light for playroom
    - [ ] Do the Ear shit I ordered
    - [ ] Insurance
    - [ ] Racing
    - [ ] Ryan / Becky
    - [ ] Night at the Museum
    - [ ] Fix pocket knife
    - [ ] Take kids to see Lion King
    - [ ] Plan for Rocks with glass
    - [ ] Kite boarding - Danny Nichols
    - [ ] Digitize Jane home video
Created 2026-03-28.md
Rolled over 88 task(s) from 2026-03-27.md → 2026-03-28.md

  🎯 Today
    - [ ] FSA claim - Jane’s stuff
    - [ ] Call bethel BMX - [203-798-6373]
    - [ ] Setup PARA projects
    - [ ] Uncorked
    - [ ] CampSearch

  ⏫ Next Up
    - [ ] Taxes
    - [ ] Move girls dentist
    - [ ] - [ ] Griz gift
    - [ ] Easter baskets
    - [ ] Start process of making Jane book - need a end fate
    - [ ] Pedicure
    - [ ] Redo Lauries form
    - [ ] Call quest about getting lab tests if that doesn’t work call PCP
    - [ ] David Byrne tickets
    - [ ] Testosterone trst
    - [ ] Clean up bar
    - [ ] Snowboarding trip
    - [ ] Atomic Habits
    - [ ] Dinner with Jason
    - [ ] Stretch canvas for Olive and Billie’s sign
    - [ ] Take Coat in to fix button

  🔽 Low Pri
    - [ ] RX from Caroline
    - [ ] Call plumbers
    - [ ] Playroom light
    - [ ] Body scan
    - [ ] Activities for Billie
    - [ ] Billie art class
    - [ ] Per se
    - [ ] Billie toothbrush
    - [ ] Ask about figure drawing class for me
    - [ ] Return ski
    - [ ] Water filter in fridge
    - [ ] Three envelopes
    - [ ] Kid gums account and other
    - [ ] Rowayton WITI
    - [ ] Toastmasters
    - [ ] The what, so what, no what
    - [ ] Dice
    - [ ] Tom from Arden's and roton
    - [ ] Water pick
    - [ ] David Byrne
    - [ ] LR4 in
    - [ ] Venmo
    - [ ] Clawbot
    - [ ] Karaoke machine for Billie birthday
    - [ ] Tattoo removal
    - [ ] Kiki face painted and Billie
    - [ ] Mix class videos
    - [ ] Organize vinyl
    - [ ] Prep for UCNS show - https://www.zeffy.com/en-US/ticketing/ucns-spring-fundraiser--2026
    - [ ] Tom architect coffee
    - [ ] Setup bikes
    - [ ] Dinner with Patty and Ron
    - [ ] Robyn
    - [ ] Jamie xx sep 9th
    - [ ] Tuna fish recipe
    - [ ] Limerock
    - [ ] Make valentines a bigger deal
    - [ ] Eternal body scan
    - [ ] Oliver dinner with wives
    - [ ] Greg Wilson
    - [ ] Darien shoe repair
    - [ ] Add shots during draft next year
    - [ ] Build virtual snow leopard
    - [ ] Book list
    - [ ] Defender tires
    - [ ] 94 hockey
    - [ ] Frank and dad to Michigan
    - [ ] Yankees game wi
    - [ ]  Shooting with Dad
    - [ ] Saturday morning cartoons
    - [ ] Fix outdoor lights
    - [ ] Pepsi stick
    - [ ] ENT
    - [ ] Summer au pair
    - [ ] The Cure
    - [ ] Vacuum cleaner
    - [ ] Light for playroom
    - [ ] Do the Ear shit I ordered
    - [ ] Insurance
    - [ ] Racing
    - [ ] Ryan / Becky
    - [ ] Night at the Museum
    - [ ] Fix pocket knife
    - [ ] Take kids to see Lion King
    - [ ] Plan for Rocks with glass
    - [ ] Kite boarding - Danny Nichols
    - [ ] Digitize Jane home video
Created 2026-03-29.md
Rolled over 91 task(s) from 2026-03-28.md → 2026-03-29.md

  🎯 Today
    - [ ] Setup PARA projects
    - [ ] Fix front camera
    - [ ] Playroom is where kids watch TV conversation
    - [ ] Eric call today
    - [ ] Parents call today
    - [ ] Jose

  ⏫ Next Up
    - [ ] Taxes
    - [ ] FSA claim - Jane’s stuff
    - [ ] Move girls dentist
    - [ ] Redo Lauries form
    - [ ] Call bethel BMX - [203-798-6373]
    - [ ] Easter baskets
    - [ ] Start process of making Jane book - need a end fate
    - [ ] Pedicure
    - [ ] Dinner with Jason
    - [ ] Take Coat in to fix button
    - [ ] Stretch canvas for Olive and Billie’s sign

  🔽 Low Pri
    - [ ] RX from Caroline
    - [ ] CampSearch
    - [ ] Call quest about getting lab tests if that doesn’t work call PCP
    - [ ] David Byrne tickets
    - [ ] Testosterone trst
    - [ ] Clean up bar
    - [ ] Snowboarding trip
    - [ ] Atomic Habits
    - [ ] Call plumbers
    - [ ] Playroom light
    - [ ] Body scan
    - [ ] Activities for Billie
    - [ ] Billie art class
    - [ ] Per se
    - [ ] Billie toothbrush
    - [ ] Ask about figure drawing class for me
    - [ ] Return ski
    - [ ] Water filter in fridge
    - [ ] Three envelopes
    - [ ] Kid gums account and other
    - [ ] Rowayton WITI
    - [ ] Toastmasters
    - [ ] The what, so what, no what
    - [ ] Dice
    - [ ] Tom from Arden's and roton
    - [ ] Water pick
    - [ ] David Byrne
    - [ ] LR4 in
    - [ ] Venmo
    - [ ] Clawbot
    - [ ] Karaoke machine for Billie birthday
    - [ ] Tattoo removal
    - [ ] Kiki face painted and Billie
    - [ ] Mix class videos
    - [ ] Organize vinyl
    - [ ] Prep for UCNS show - https://www.zeffy.com/en-US/ticketing/ucns-spring-fundraiser--2026
    - [ ] Tom architect coffee
    - [ ] Setup bikes
    - [ ] Dinner with Patty and Ron
    - [ ] Robyn
    - [ ] Jamie xx sep 9th
    - [ ] Tuna fish recipe
    - [ ] Limerock
    - [ ] Make valentines a bigger deal
    - [ ] Eternal body scan
    - [ ] Oliver dinner with wives
    - [ ] Greg Wilson
    - [ ] Darien shoe repair
    - [ ] Add shots during draft next year
    - [ ] Build virtual snow leopard
    - [ ] Book list
    - [ ] Defender tires
    - [ ] 94 hockey
    - [ ] Frank and dad to Michigan
    - [ ] Yankees game wi
    - [ ]  Shooting with Dad
    - [ ] Saturday morning cartoons
    - [ ] Fix outdoor lights
    - [ ] Pepsi stick
    - [ ] ENT
    - [ ] Summer au pair
    - [ ] The Cure
    - [ ] Vacuum cleaner
    - [ ] Light for playroom
    - [ ] Do the Ear shit I ordered
    - [ ] Insurance
    - [ ] Racing
    - [ ] Ryan / Becky
    - [ ] Night at the Museum
    - [ ] Fix pocket knife
    - [ ] Take kids to see Lion King
    - [ ] Plan for Rocks with glass
    - [ ] Kite boarding - Danny Nichols
    - [ ] Digitize Jane home video
Created 2026-03-30.md
Rolled over 102 task(s) from 2026-03-29.md → 2026-03-30.md

  🎯 Today
    - [ ] Setup PARA projects
    - [ ] Fix front camera
    - [ ] Playroom is where kids watch TV conversation
    - [ ] FSA
    - [ ] Pedicure
    - [ ] Jose
    - [ ] Clean fish tank
    - [ ] Clean coffee pot
    - [ ] Money for St Johns
    - [ ] Return Bad Bunny
    - [ ] Return Desk mat
    - [ ] Dog food
    - [ ] Flyte health
    - [ ] Invoice for tennis
    - [ ] Jamie about Easter egg hunt
    - [ ] Canvas for girls
    - [ ] Write Jill and Sky

  ⏫ Next Up
    - [ ] Taxes
    - [ ] FSA claim - Jane’s stuff
    - [ ] Move girls dentist
    - [ ] Redo Lauries form
    - [ ] Call bethel BMX - [203-798-6373]
    - [ ] Easter baskets
    - [ ] Start process of making Jane book - need a end fate
    - [ ] Pedicure
    - [ ] Dinner with Jason
    - [ ] Take Coat in to fix button
    - [ ] Stretch canvas for Olive and Billie’s sign

  🔽 Low Pri
    - [ ] RX from Caroline
    - [ ] CampSearch
    - [ ] Call quest about getting lab tests if that doesn’t work call PCP
    - [ ] David Byrne tickets
    - [ ] Testosterone trst
    - [ ] Clean up bar
    - [ ] Snowboarding trip
    - [ ] Atomic Habits
    - [ ] Call plumbers
    - [ ] Playroom light
    - [ ] Body scan
    - [ ] Activities for Billie
    - [ ] Billie art class
    - [ ] Per se
    - [ ] Billie toothbrush
    - [ ] Ask about figure drawing class for me
    - [ ] Return ski
    - [ ] Water filter in fridge
    - [ ] Three envelopes
    - [ ] Kid gums account and other
    - [ ] Rowayton WITI
    - [ ] Toastmasters
    - [ ] The what, so what, no what
    - [ ] Dice
    - [ ] Tom from Arden's and roton
    - [ ] Water pick
    - [ ] David Byrne
    - [ ] LR4 in
    - [ ] Venmo
    - [ ] Clawbot
    - [ ] Karaoke machine for Billie birthday
    - [ ] Tattoo removal
    - [ ] Kiki face painted and Billie
    - [ ] Mix class videos
    - [ ] Organize vinyl
    - [ ] Prep for UCNS show - https://www.zeffy.com/en-US/ticketing/ucns-spring-fundraiser--2026
    - [ ] Tom architect coffee
    - [ ] Setup bikes
    - [ ] Dinner with Patty and Ron
    - [ ] Robyn
    - [ ] Jamie xx sep 9th
    - [ ] Tuna fish recipe
    - [ ] Limerock
    - [ ] Make valentines a bigger deal
    - [ ] Eternal body scan
    - [ ] Oliver dinner with wives
    - [ ] Greg Wilson
    - [ ] Darien shoe repair
    - [ ] Add shots during draft next year
    - [ ] Build virtual snow leopard
    - [ ] Book list
    - [ ] Defender tires
    - [ ] 94 hockey
    - [ ] Frank and dad to Michigan
    - [ ] Yankees game wi
    - [ ]  Shooting with Dad
    - [ ] Saturday morning cartoons
    - [ ] Fix outdoor lights
    - [ ] Pepsi stick
    - [ ] ENT
    - [ ] Summer au pair
    - [ ] The Cure
    - [ ] Vacuum cleaner
    - [ ] Light for playroom
    - [ ] Do the Ear shit I ordered
    - [ ] Insurance
    - [ ] Racing
    - [ ] Ryan / Becky
    - [ ] Night at the Museum
    - [ ] Fix pocket knife
    - [ ] Take kids to see Lion King
    - [ ] Plan for Rocks with glass
    - [ ] Kite boarding - Danny Nichols
    - [ ] Digitize Jane home video
Created 2026-03-31.md
Archived 2026-03-30.md → Daily/2026/03/
Rolled over 70 task(s) from 2026-03-30.md → 2026-03-31.md

  🎯 Today
    - [ ] Send thank you note to Bud Intonato (Uber HM) + follow up with Jennifer
    - [ ] Setup PARA projects
    - [ ] Easter egg hunt
    - [ ] Easter egg baskets
    - [ ] Fix front camera
    - [ ] Register Olive Kindergarten
    - [ ] Clean fish tank
    - [ ] If we don’t go to Charleston: hotel, flight, restaurants, Peter, Abby and Aidin, Avanti
    - [ ] Ice skating
    - [ ] RX from Caroline

  ⏫ Next Up
    - [ ] Dog food
    - [ ]  REschedule Ortho
    - [ ] Redo Lauries form
    - [ ] Money for St Johns
    - [ ] Start process of making Jane book - need a end date
    - [ ] Call bethel BMX - [203-798-6373]
    - [ ] Flyte health
    - [ ] Return KPOP
    - [ ] Clean coffee pot
    - [ ] Return Desk mat
    - [ ] Dinner with Jason
    - [ ] Take Coat in to fix button
    - [ ] Return ski
    - [ ] LR4 in — call dealer
    - [ ] Share karaoke machine idea with Jane for Billie's birthday
    - [ ] Tom from Arden's — coffee

  🔽 Low Pri
    - [ ] Per se
    - [ ] Tattoo removal
    - [ ] Kiki face painted and Billie
    - [ ] Mix class videos
    - [ ] Organize vinyl
    - [ ] Prep for UCNS show - https://www.zeffy.com/en-US/ticketing/ucns-spring-fundraiser--2026
    - [ ] Tom architect coffee
    - [ ] Setup bikes
    - [ ] Dinner with Patty and Ron
    - [ ] Robyn
    - [ ] Jamie xx sep 9th
    - [ ] Tuna fish recipe
    - [ ] Limerock
    - [ ] Make valentines a bigger deal
    - [ ] Eternal body scan
    - [ ] Oliver dinner with wives
    - [ ] Greg Wilson
    - [ ] Darien shoe repair
    - [ ] Add shots during draft next year
    - [ ] Build virtual snow leopard
    - [ ] Book list
    - [ ] Defender tires
    - [ ] 94 hockey
    - [ ] Frank and dad to Michigan
    - [ ] Yankees game wi
    - [ ]  Shooting with Dad
    - [ ] Saturday morning cartoons
    - [ ] Fix outdoor lights
    - [ ] Pepsi stick
    - [ ] ENT
    - [ ] Summer au pair
    - [ ] The Cure
    - [ ] Vacuum cleaner
    - [ ] Light for playroom
    - [ ] Do the Ear shit I ordered
    - [ ] Insurance
    - [ ] Racing
    - [ ] Ryan / Becky
    - [ ] Night at the Museum
    - [ ] Fix pocket knife
    - [ ] Take kids to see Lion King
    - [ ] Plan for Rocks with glass
    - [ ] Kite boarding - Danny Nichols
    - [ ] Digitize Jane home video
You have not agreed to the Xcode license agreements. Please run 'sudo xcodebuild -license' from within a Terminal window to review and agree to the Xcode and Apple SDKs license.
Created 2026-04-02.md
Archived 2026-04-01.md → Daily/2026/04/
Rolled over 29 task(s) from 2026-04-01.md → 2026-04-02.md

  🎯 Today
    - [ ] Plan for NYC / Jill & Sky
    - [ ] Call Palmetto
    - [ ] Email to Alex
    - [ ] Email to Mig
    - [ ] Flyte health
    - [ ] Clean fish tank
    - [ ] UCNS — clean up / organize playlists
    - [ ] Call bethel BMX - [203-798-6373]
    - [ ] Clean coffee pot

  ⏫ Next Up
    - [ ] Register Olive Kindergarten
    - [ ] Mark Riley
    - [ ] Money for St Johns
    - [ ] Start process of making [Jane book](https://www.artifactuprising.com/build?projectId=16d69f5a-54cb-4e11-9797-d35a71540f8a&flashId=10e4a835-7fc8-4153-8bb1-442afddac8af&flashToken=$2a$04$WlApb/dpOO8R7Y6H8Ij/xObzI71imMVcgKxM7YTOixjkUsIDwx5vO)
    - [ ] Ice skating
    - [ ] Return Desk mat
    - [ ] Take Coat in to fix button
    - [ ] Return ski
    - [ ] LR4 in — call dealer
    - [ ] Plan Yankees game with Dad — this summer
    - [ ] Jamie xx sep 9th
    - [ ] UCNS — research new music
    - [ ] UCNS — practice

  🔽 Low Pri
    - [ ] Setup bikes
    - [ ] Tuna fish recipe
    - [ ] Darien shoe repair
    - [ ] Build virtual snow leopard
    - [ ] Research winter tires for Defender
    - [ ] Saturday morning cartoons
    - [ ] Fix pocket knife
